<?xml version="1.0" encoding="UTF-8"?>
<!-- Generated by org.testng.reporters.JUnitReportReporter -->
<testsuite hostname="DESKTOP-SODBL1A" failures="0" tests="3" name="test.basic4" time="0.003" errors="0" timestamp="2023-04-28T21:09:04 EDT" skipped="0">
  <testcase classname="test.basic4" name="WebGame" time="0.001"/>
  <system-out/>
  <testcase classname="test.basic4" name="GameMobileGame" time="0.001"/>
  <system-out/>
  <testcase classname="test.basic4" name="GameSoftwareGame" time="0.001"/>
  <system-out/>
</testsuite> <!-- test.basic4 -->
