<?xml version="1.0" encoding="UTF-8"?>
<!-- Generated by org.testng.reporters.JUnitReportReporter -->
<testsuite hostname="DESKTOP-SODBL1A" failures="0" tests="1" name="test.basic3" time="0.003" errors="0" timestamp="2023-04-28T21:09:04 EDT" skipped="0">
  <testcase classname="test.basic3" name="testcase1" time="0.003"/>
  <system-out/>
</testsuite> <!-- test.basic3 -->
