<?xml version="1.0" encoding="UTF-8"?>
<!-- Generated by org.testng.reporters.JUnitReportReporter -->
<testsuite hostname="DESKTOP-SODBL1A" failures="0" tests="2" name="test.basic1" time="0.002" errors="0" timestamp="2023-04-28T21:41:12 EDT" skipped="0">
  <testcase classname="test.basic1" name="testCase2" time="0.001"/>
  <system-out/>
  <testcase classname="test.basic1" name="testCase1" time="0.001"/>
  <system-out/>
</testsuite> <!-- test.basic1 -->
