<?xml version="1.0" encoding="UTF-8"?>
<!-- Generated by org.testng.reporters.JUnitReportReporter -->
<testsuite hostname="DESKTOP-SODBL1A" failures="0" tests="3" name="test.basic2" time="0.003" errors="0" timestamp="2023-04-28T21:41:12 EDT" skipped="0">
  <testcase classname="test.basic2" name="Demo3" time="0.000"/>
  <system-out/>
  <testcase classname="test.basic2" name="Demo2" time="0.001"/>
  <system-out/>
  <testcase classname="test.basic2" name="Demo" time="0.002"/>
  <system-out/>
</testsuite> <!-- test.basic2 -->
